<?xml version="1.0" encoding="UTF-8"?>
<!-- Generated by org.testng.reporters.JUnitReportReporter -->
<testsuite hostname="SubhanPC" failures="0" tests="2" name="Testng_Annotations" time="0.161" errors="0" timestamp="2024-07-08T11:05:18 IST" skipped="0">
  <testcase classname="Testng_Annotations" name="tc2" time="0.068"/>
  <system-out/>
  <testcase classname="Testng_Annotations" name="tc1" time="0.093"/>
  <system-out/>
</testsuite> <!-- Testng_Annotations -->
