<?xml version="1.0" encoding="UTF-8"?>
<!-- Generated by org.testng.reporters.JUnitReportReporter -->
<testsuite hostname="SubhanPC" failures="0" tests="4" name="Testng_Annotations" time="0.353" errors="0" timestamp="2024-07-09T07:54:26 IST" skipped="0">
  <testcase classname="Testng_Annotations" name="tc1" time="0.099"/>
  <system-out/>
  <testcase classname="Testng_Annotations" name="tc2" time="0.098"/>
  <system-out/>
  <testcase classname="Testng_Annotations" name="tc3" time="0.076"/>
  <system-out/>
  <testcase classname="Testng_Annotations" name="tc4" time="0.080"/>
  <system-out/>
</testsuite> <!-- Testng_Annotations -->
